#
# There is insufficient memory for the Java Runtime Environment to continue.
# Native memory allocation (malloc) failed to allocate 42256 bytes. Error detail: Chunk::new
# Possible reasons:
#   The system is out of physical RAM or swap space
#   This process is running with CompressedOops enabled, and the Java Heap may be blocking the growth of the native heap
# Possible solutions:
#   Reduce memory load on the system
#   Increase physical memory or swap space
#   Check if swap backing store is full
#   Decrease Java heap size (-Xmx/-Xms)
#   Decrease number of Java threads
#   Decrease Java thread stack sizes (-Xss)
#   Set larger code cache with -XX:ReservedCodeCacheSize=
#   JVM is running with Unscaled Compressed Oops mode in which the Java heap is
#     placed in the first 4GB address space. The Java Heap base address is the
#     maximum limit for the native heap growth. Please use -XX:HeapBaseMinAddress
#     to set the Java Heap base and to place the Java Heap above 4GB virtual address.
# This output file may be truncated or incomplete.
#
#  Out of Memory Error (arena.cpp:168), pid=19528, tid=18624
#
# JRE version: OpenJDK Runtime Environment (21.0.5) (build 21.0.5+-13047016-b750.29)
# Java VM: OpenJDK 64-Bit Server VM (21.0.5+-13047016-b750.29, mixed mode, tiered, compressed oops, compressed class ptrs, g1 gc, windows-amd64)
# No core dump will be written. Minidumps are not enabled by default on client versions of Windows
#

---------------  S U M M A R Y ------------

Command Line: --add-opens=java.base/java.lang=ALL-UNNAMED --add-opens=java.base/java.lang.invoke=ALL-UNNAMED --add-opens=java.base/java.util=ALL-UNNAMED --add-opens=java.prefs/java.util.prefs=ALL-UNNAMED --add-exports=jdk.compiler/com.sun.tools.javac.api=ALL-UNNAMED --add-exports=jdk.compiler/com.sun.tools.javac.util=ALL-UNNAMED --add-opens=java.base/java.util=ALL-UNNAMED --add-opens=java.prefs/java.util.prefs=ALL-UNNAMED --add-opens=java.base/java.nio.charset=ALL-UNNAMED --add-opens=java.base/java.net=ALL-UNNAMED --add-opens=java.base/java.util.concurrent.atomic=ALL-UNNAMED --add-opens=java.xml/javax.xml.namespace=ALL-UNNAMED -Xmx2048m -Dfile.encoding=UTF-8 -Duser.country=US -Duser.language=en -Duser.variant -javaagent:C:\Users\asus\.gradle\wrapper\dists\gradle-8.11.1-bin\bpt9gzteqjrbo1mjrsomdt32c\gradle-8.11.1\lib\agents\gradle-instrumentation-agent-8.11.1.jar org.gradle.launcher.daemon.bootstrap.GradleDaemon 8.11.1

Host: Intel(R) Core(TM) i5-10300H CPU @ 2.50GHz, 8 cores, 15G,  Windows 11 , 64 bit Build 22621 (10.0.22621.5413)
Time: Tue Jun  3 17:32:52 2025 SE Asia Standard Time elapsed time: 5.015017 seconds (0d 0h 0m 5s)

---------------  T H R E A D  ---------------

Current thread (0x000001571d380200):  JavaThread "C2 CompilerThread0" daemon [_thread_in_native, id=18624, stack(0x0000000a3ca00000,0x0000000a3cb00000) (1024K)]


Current CompileTask:
C2:5015 3450       4       jdk.internal.org.objectweb.asm.SymbolTable::addTypeInternal (85 bytes)

Stack: [0x0000000a3ca00000,0x0000000a3cb00000]
Native frames: (J=compiled Java code, j=interpreted, Vv=VM code, C=native code)
V  [jvm.dll+0x6cfb29]
V  [jvm.dll+0x85df93]
V  [jvm.dll+0x8604ee]
V  [jvm.dll+0x860bd3]
V  [jvm.dll+0x27e6b6]
V  [jvm.dll+0xbff6d]
V  [jvm.dll+0xc04a3]
V  [jvm.dll+0x5da7c5]
V  [jvm.dll+0x1de310]
V  [jvm.dll+0x247db4]
V  [jvm.dll+0x247231]
V  [jvm.dll+0x1c5ee4]
V  [jvm.dll+0x25697c]
V  [jvm.dll+0x254ec6]
V  [jvm.dll+0x3f0ce6]
V  [jvm.dll+0x806368]
V  [jvm.dll+0x6ce3fd]
C  [ucrtbase.dll+0x29333]
C  [KERNEL32.DLL+0x1259d]
C  [ntdll.dll+0x5af78]


---------------  P R O C E S S  ---------------

Threads class SMR info:
_java_thread_list=0x0000015725ce9fd0, length=31, elements={
0x0000015703945df0, 0x000001571d39c030, 0x000001571d39ce40, 0x000001571d39e5f0,
0x000001571d37cea0, 0x000001571d37e900, 0x000001571d37f350, 0x000001571d380200,
0x000001571d3b35d0, 0x000001571d3f80a0, 0x000001571d7c28c0, 0x0000015723347be0,
0x0000015723377ea0, 0x00000157231beb50, 0x0000015723215ca0, 0x0000015723512a20,
0x000001572337a340, 0x000001572328a180, 0x000001572328a7e0, 0x0000015723284250,
0x00000157231e1b90, 0x00000157231e1500, 0x00000157231e2220, 0x00000157231e28b0,
0x00000157231dfac0, 0x00000157231e0150, 0x00000157231df430, 0x00000157231e07e0,
0x00000157231e0e70, 0x0000015723907390, 0x000001572390b530
}

Java Threads: ( => current thread )
  0x0000015703945df0 JavaThread "main"                              [_thread_blocked, id=26420, stack(0x0000000a3bc00000,0x0000000a3bd00000) (1024K)]
  0x000001571d39c030 JavaThread "Reference Handler"          daemon [_thread_blocked, id=21996, stack(0x0000000a3c400000,0x0000000a3c500000) (1024K)]
  0x000001571d39ce40 JavaThread "Finalizer"                  daemon [_thread_blocked, id=8000, stack(0x0000000a3c500000,0x0000000a3c600000) (1024K)]
  0x000001571d39e5f0 JavaThread "Signal Dispatcher"          daemon [_thread_blocked, id=22724, stack(0x0000000a3c600000,0x0000000a3c700000) (1024K)]
  0x000001571d37cea0 JavaThread "Attach Listener"            daemon [_thread_blocked, id=16560, stack(0x0000000a3c700000,0x0000000a3c800000) (1024K)]
  0x000001571d37e900 JavaThread "Service Thread"             daemon [_thread_blocked, id=3732, stack(0x0000000a3c800000,0x0000000a3c900000) (1024K)]
  0x000001571d37f350 JavaThread "Monitor Deflation Thread"   daemon [_thread_blocked, id=31696, stack(0x0000000a3c900000,0x0000000a3ca00000) (1024K)]
=>0x000001571d380200 JavaThread "C2 CompilerThread0"         daemon [_thread_in_native, id=18624, stack(0x0000000a3ca00000,0x0000000a3cb00000) (1024K)]
  0x000001571d3b35d0 JavaThread "C1 CompilerThread0"         daemon [_thread_blocked, id=3968, stack(0x0000000a3cb00000,0x0000000a3cc00000) (1024K)]
  0x000001571d3f80a0 JavaThread "Common-Cleaner"             daemon [_thread_blocked, id=14324, stack(0x0000000a3cc00000,0x0000000a3cd00000) (1024K)]
  0x000001571d7c28c0 JavaThread "Notification Thread"        daemon [_thread_blocked, id=11620, stack(0x0000000a3cd00000,0x0000000a3ce00000) (1024K)]
  0x0000015723347be0 JavaThread "C2 CompilerThread1"         daemon [_thread_in_native, id=30320, stack(0x0000000a3ce00000,0x0000000a3cf00000) (1024K)]
  0x0000015723377ea0 JavaThread "Daemon health stats"               [_thread_blocked, id=23740, stack(0x0000000a3cf00000,0x0000000a3d000000) (1024K)]
  0x00000157231beb50 JavaThread "Incoming local TCP Connector on port 59104"        [_thread_in_native, id=15832, stack(0x0000000a3d500000,0x0000000a3d600000) (1024K)]
  0x0000015723215ca0 JavaThread "Daemon periodic checks"            [_thread_blocked, id=26760, stack(0x0000000a3d600000,0x0000000a3d700000) (1024K)]
  0x0000015723512a20 JavaThread "Daemon"                            [_thread_blocked, id=26648, stack(0x0000000a3d700000,0x0000000a3d800000) (1024K)]
  0x000001572337a340 JavaThread "Handler for socket connection from /127.0.0.1:59104 to /127.0.0.1:59105"        [_thread_in_native, id=24088, stack(0x0000000a3d800000,0x0000000a3d900000) (1024K)]
  0x000001572328a180 JavaThread "Cancel handler"                    [_thread_blocked, id=30396, stack(0x0000000a3d900000,0x0000000a3da00000) (1024K)]
  0x000001572328a7e0 JavaThread "Daemon worker"                     [_thread_in_vm, id=29476, stack(0x0000000a3da00000,0x0000000a3db00000) (1024K)]
  0x0000015723284250 JavaThread "Asynchronous log dispatcher for DefaultDaemonConnection: socket connection from /127.0.0.1:59104 to /127.0.0.1:59105"        [_thread_blocked, id=10740, stack(0x0000000a3db00000,0x0000000a3dc00000) (1024K)]
  0x00000157231e1b90 JavaThread "Stdin handler"                     [_thread_blocked, id=32836, stack(0x0000000a3dc00000,0x0000000a3dd00000) (1024K)]
  0x00000157231e1500 JavaThread "Daemon client event forwarder"        [_thread_blocked, id=14628, stack(0x0000000a3dd00000,0x0000000a3de00000) (1024K)]
  0x00000157231e2220 JavaThread "Cache worker for journal cache (C:\Users\asus\.gradle\caches\journal-1)"        [_thread_blocked, id=19184, stack(0x0000000a3e100000,0x0000000a3e200000) (1024K)]
  0x00000157231e28b0 JavaThread "File lock request listener"        [_thread_in_native, id=26004, stack(0x0000000a3e200000,0x0000000a3e300000) (1024K)]
  0x00000157231dfac0 JavaThread "Cache worker for file hash cache (C:\Users\asus\.gradle\caches\8.11.1\fileHashes)"        [_thread_blocked, id=29880, stack(0x0000000a3e300000,0x0000000a3e400000) (1024K)]
  0x00000157231e0150 JavaThread "Cache worker for file content cache (C:\Users\asus\.gradle\caches\8.11.1\fileContent)"        [_thread_blocked, id=22320, stack(0x0000000a3e400000,0x0000000a3e500000) (1024K)]
  0x00000157231df430 JavaThread "Cache worker for file hash cache (C:\MyApplication\.gradle\8.11.1\fileHashes)"        [_thread_blocked, id=28756, stack(0x0000000a3e500000,0x0000000a3e600000) (1024K)]
  0x00000157231e07e0 JavaThread "Cache worker for Build Output Cleanup Cache (C:\MyApplication\.gradle\buildOutputCleanup)"        [_thread_blocked, id=26772, stack(0x0000000a3e600000,0x0000000a3e700000) (1024K)]
  0x00000157231e0e70 JavaThread "File watcher server"        daemon [_thread_in_native, id=12628, stack(0x0000000a3e700000,0x0000000a3e800000) (1024K)]
  0x0000015723907390 JavaThread "File watcher consumer"      daemon [_thread_blocked, id=15920, stack(0x0000000a3e800000,0x0000000a3e900000) (1024K)]
  0x000001572390b530 JavaThread "Cache worker for checksums cache (C:\MyApplication\.gradle\8.11.1\checksums)"        [_thread_blocked, id=28260, stack(0x0000000a3e900000,0x0000000a3ea00000) (1024K)]
Total: 31

Other Threads:
  0x000001571d2e28b0 VMThread "VM Thread"                           [id=28368, stack(0x0000000a3c300000,0x0000000a3c400000) (1024K)]
  0x000001571d16d9e0 WatcherThread "VM Periodic Task Thread"        [id=25900, stack(0x0000000a3c200000,0x0000000a3c300000) (1024K)]
  0x0000015705ac4820 WorkerThread "GC Thread#0"                     [id=19300, stack(0x0000000a3bd00000,0x0000000a3be00000) (1024K)]
  0x000001571df584f0 WorkerThread "GC Thread#1"                     [id=15160, stack(0x0000000a3d000000,0x0000000a3d100000) (1024K)]
  0x000001571de955e0 WorkerThread "GC Thread#2"                     [id=22856, stack(0x0000000a3d100000,0x0000000a3d200000) (1024K)]
  0x000001571de95980 WorkerThread "GC Thread#3"                     [id=12132, stack(0x0000000a3d200000,0x0000000a3d300000) (1024K)]
  0x000001571df4dac0 WorkerThread "GC Thread#4"                     [id=7616, stack(0x0000000a3d300000,0x0000000a3d400000) (1024K)]
  0x000001571df4de60 WorkerThread "GC Thread#5"                     [id=16920, stack(0x0000000a3d400000,0x0000000a3d500000) (1024K)]
  0x00000157234a7b30 WorkerThread "GC Thread#6"                     [id=18244, stack(0x0000000a3de00000,0x0000000a3df00000) (1024K)]
  0x00000157234a7ed0 WorkerThread "GC Thread#7"                     [id=19324, stack(0x0000000a3df00000,0x0000000a3e000000) (1024K)]
  0x0000015705ad5970 ConcurrentGCThread "G1 Main Marker"            [id=16496, stack(0x0000000a3be00000,0x0000000a3bf00000) (1024K)]
  0x0000015705ad6470 WorkerThread "G1 Conc#0"                       [id=7424, stack(0x0000000a3bf00000,0x0000000a3c000000) (1024K)]
  0x000001572348de20 WorkerThread "G1 Conc#1"                       [id=7096, stack(0x0000000a3e000000,0x0000000a3e100000) (1024K)]
  0x000001571d03aae0 ConcurrentGCThread "G1 Refine#0"               [id=28864, stack(0x0000000a3c000000,0x0000000a3c100000) (1024K)]
  0x000001571d03b300 ConcurrentGCThread "G1 Service"                [id=9528, stack(0x0000000a3c100000,0x0000000a3c200000) (1024K)]
Total: 15

Threads with active compile tasks:
C2 CompilerThread0  5038 3450       4       jdk.internal.org.objectweb.asm.SymbolTable::addTypeInternal (85 bytes)
C2 CompilerThread1  5038 3445       4       jdk.internal.org.objectweb.asm.Frame::setInputFrameFromDescriptor (175 bytes)
Total: 2

VM state: not at safepoint (normal execution)

VM Mutex/Monitor currently owned by a thread: None

Heap address: 0x0000000080000000, size: 2048 MB, Compressed Oops mode: 32-bit

CDS archive(s) not mapped
Compressed class space mapped at: 0x0000000100000000-0x0000000140000000, reserved size: 1073741824
Narrow klass base: 0x0000000000000000, Narrow klass shift: 3, Narrow klass range: 0x140000000

GC Precious Log:
 CardTable entry size: 512
 Card Set container configuration: InlinePtr #cards 5 size 8 Array Of Cards #cards 12 size 40 Howl #buckets 4 coarsen threshold 1843 Howl Bitmap #cards 512 size 80 coarsen threshold 460 Card regions per heap region 1 cards per card region 2048
 CPUs: 8 total, 8 available
 Memory: 16221M
 Large Page Support: Disabled
 NUMA Support: Disabled
 Compressed Oops: Enabled (32-bit)
 Heap Region Size: 1M
 Heap Min Capacity: 8M
 Heap Initial Capacity: 254M
 Heap Max Capacity: 2G
 Pre-touch: Disabled
 Parallel Workers: 8
 Concurrent Workers: 2
 Concurrent Refinement Workers: 8
 Periodic GC: Disabled

Heap:
 garbage-first heap   total 88064K, used 43944K [0x0000000080000000, 0x0000000100000000)
  region size 1024K, 21 young (21504K), 3 survivors (3072K)
 Metaspace       used 37309K, committed 38336K, reserved 1114112K
  class space    used 5072K, committed 5568K, reserved 1048576K

Heap Regions: E=young(eden), S=young(survivor), O=old, HS=humongous(starts), HC=humongous(continues), CS=collection set, F=free, TAMS=top-at-mark-start, PB=parsable bottom
|   0|0x0000000080000000, 0x0000000080100000, 0x0000000080100000|100%| O|  |TAMS 0x0000000080000000| PB 0x0000000080000000| Untracked 
|   1|0x0000000080100000, 0x0000000080200000, 0x0000000080200000|100%|HS|  |TAMS 0x0000000080100000| PB 0x0000000080100000| Complete 
|   2|0x0000000080200000, 0x0000000080300000, 0x0000000080300000|100%|HC|  |TAMS 0x0000000080200000| PB 0x0000000080200000| Complete 
|   3|0x0000000080300000, 0x0000000080400000, 0x0000000080400000|100%|HC|  |TAMS 0x0000000080300000| PB 0x0000000080300000| Complete 
|   4|0x0000000080400000, 0x0000000080500000, 0x0000000080500000|100%| O|Cm|TAMS 0x0000000080400000| PB 0x0000000080400000| Complete 
|   5|0x0000000080500000, 0x0000000080600000, 0x0000000080600000|100%| O|  |TAMS 0x0000000080500000| PB 0x0000000080500000| Untracked 
|   6|0x0000000080600000, 0x0000000080700000, 0x0000000080700000|100%| O|  |TAMS 0x0000000080600000| PB 0x0000000080600000| Untracked 
|   7|0x0000000080700000, 0x0000000080800000, 0x0000000080800000|100%|HS|  |TAMS 0x0000000080700000| PB 0x0000000080700000| Complete 
|   8|0x0000000080800000, 0x0000000080900000, 0x0000000080900000|100%| O|  |TAMS 0x0000000080800000| PB 0x0000000080800000| Untracked 
|   9|0x0000000080900000, 0x0000000080a00000, 0x0000000080a00000|100%| O|  |TAMS 0x0000000080900000| PB 0x0000000080900000| Untracked 
|  10|0x0000000080a00000, 0x0000000080b00000, 0x0000000080b00000|100%| O|  |TAMS 0x0000000080a00000| PB 0x0000000080a00000| Untracked 
|  11|0x0000000080b00000, 0x0000000080c00000, 0x0000000080c00000|100%| O|  |TAMS 0x0000000080b00000| PB 0x0000000080b00000| Untracked 
|  12|0x0000000080c00000, 0x0000000080d00000, 0x0000000080d00000|100%| O|  |TAMS 0x0000000080c00000| PB 0x0000000080c00000| Untracked 
|  13|0x0000000080d00000, 0x0000000080e00000, 0x0000000080e00000|100%| O|  |TAMS 0x0000000080d00000| PB 0x0000000080d00000| Untracked 
|  14|0x0000000080e00000, 0x0000000080f00000, 0x0000000080f00000|100%| O|  |TAMS 0x0000000080e00000| PB 0x0000000080e00000| Untracked 
|  15|0x0000000080f00000, 0x0000000081000000, 0x0000000081000000|100%| O|  |TAMS 0x0000000080f00000| PB 0x0000000080f00000| Untracked 
|  16|0x0000000081000000, 0x0000000081100000, 0x0000000081100000|100%| O|  |TAMS 0x0000000081000000| PB 0x0000000081000000| Untracked 
|  17|0x0000000081100000, 0x0000000081200000, 0x0000000081200000|100%| O|  |TAMS 0x0000000081100000| PB 0x0000000081100000| Untracked 
|  18|0x0000000081200000, 0x0000000081300000, 0x0000000081300000|100%| O|  |TAMS 0x0000000081200000| PB 0x0000000081200000| Untracked 
|  19|0x0000000081300000, 0x0000000081400000, 0x0000000081400000|100%| O|  |TAMS 0x0000000081300000| PB 0x0000000081300000| Untracked 
|  20|0x0000000081400000, 0x0000000081500000, 0x0000000081500000|100%| O|  |TAMS 0x0000000081400000| PB 0x0000000081400000| Untracked 
|  21|0x0000000081500000, 0x0000000081600000, 0x0000000081600000|100%| O|  |TAMS 0x0000000081500000| PB 0x0000000081500000| Untracked 
|  22|0x0000000081600000, 0x00000000816ea100, 0x0000000081700000| 91%| O|  |TAMS 0x0000000081600000| PB 0x0000000081600000| Untracked 
|  23|0x0000000081700000, 0x0000000081700000, 0x0000000081800000|  0%| F|  |TAMS 0x0000000081700000| PB 0x0000000081700000| Untracked 
|  24|0x0000000081800000, 0x0000000081800000, 0x0000000081900000|  0%| F|  |TAMS 0x0000000081800000| PB 0x0000000081800000| Untracked 
|  25|0x0000000081900000, 0x0000000081900000, 0x0000000081a00000|  0%| F|  |TAMS 0x0000000081900000| PB 0x0000000081900000| Untracked 
|  26|0x0000000081a00000, 0x0000000081a00000, 0x0000000081b00000|  0%| F|  |TAMS 0x0000000081a00000| PB 0x0000000081a00000| Untracked 
|  27|0x0000000081b00000, 0x0000000081b00000, 0x0000000081c00000|  0%| F|  |TAMS 0x0000000081b00000| PB 0x0000000081b00000| Untracked 
|  28|0x0000000081c00000, 0x0000000081c00000, 0x0000000081d00000|  0%| F|  |TAMS 0x0000000081c00000| PB 0x0000000081c00000| Untracked 
|  29|0x0000000081d00000, 0x0000000081d00000, 0x0000000081e00000|  0%| F|  |TAMS 0x0000000081d00000| PB 0x0000000081d00000| Untracked 
|  30|0x0000000081e00000, 0x0000000081e00000, 0x0000000081f00000|  0%| F|  |TAMS 0x0000000081e00000| PB 0x0000000081e00000| Untracked 
|  31|0x0000000081f00000, 0x0000000081f00000, 0x0000000082000000|  0%| F|  |TAMS 0x0000000081f00000| PB 0x0000000081f00000| Untracked 
|  32|0x0000000082000000, 0x0000000082000000, 0x0000000082100000|  0%| F|  |TAMS 0x0000000082000000| PB 0x0000000082000000| Untracked 
|  33|0x0000000082100000, 0x0000000082100000, 0x0000000082200000|  0%| F|  |TAMS 0x0000000082100000| PB 0x0000000082100000| Untracked 
|  34|0x0000000082200000, 0x0000000082200000, 0x0000000082300000|  0%| F|  |TAMS 0x0000000082200000| PB 0x0000000082200000| Untracked 
|  35|0x0000000082300000, 0x0000000082300000, 0x0000000082400000|  0%| F|  |TAMS 0x0000000082300000| PB 0x0000000082300000| Untracked 
|  36|0x0000000082400000, 0x0000000082400000, 0x0000000082500000|  0%| F|  |TAMS 0x0000000082400000| PB 0x0000000082400000| Untracked 
|  37|0x0000000082500000, 0x0000000082500000, 0x0000000082600000|  0%| F|  |TAMS 0x0000000082500000| PB 0x0000000082500000| Untracked 
|  38|0x0000000082600000, 0x0000000082600000, 0x0000000082700000|  0%| F|  |TAMS 0x0000000082600000| PB 0x0000000082600000| Untracked 
|  39|0x0000000082700000, 0x0000000082700000, 0x0000000082800000|  0%| F|  |TAMS 0x0000000082700000| PB 0x0000000082700000| Untracked 
|  40|0x0000000082800000, 0x0000000082800000, 0x0000000082900000|  0%| F|  |TAMS 0x0000000082800000| PB 0x0000000082800000| Untracked 
|  41|0x0000000082900000, 0x0000000082900000, 0x0000000082a00000|  0%| F|  |TAMS 0x0000000082900000| PB 0x0000000082900000| Untracked 
|  42|0x0000000082a00000, 0x0000000082a00000, 0x0000000082b00000|  0%| F|  |TAMS 0x0000000082a00000| PB 0x0000000082a00000| Untracked 
|  43|0x0000000082b00000, 0x0000000082b00000, 0x0000000082c00000|  0%| F|  |TAMS 0x0000000082b00000| PB 0x0000000082b00000| Untracked 
|  44|0x0000000082c00000, 0x0000000082c00000, 0x0000000082d00000|  0%| F|  |TAMS 0x0000000082c00000| PB 0x0000000082c00000| Untracked 
|  45|0x0000000082d00000, 0x0000000082d00000, 0x0000000082e00000|  0%| F|  |TAMS 0x0000000082d00000| PB 0x0000000082d00000| Untracked 
|  46|0x0000000082e00000, 0x0000000082e00000, 0x0000000082f00000|  0%| F|  |TAMS 0x0000000082e00000| PB 0x0000000082e00000| Untracked 
|  47|0x0000000082f00000, 0x0000000082f00000, 0x0000000083000000|  0%| F|  |TAMS 0x0000000082f00000| PB 0x0000000082f00000| Untracked 
|  48|0x0000000083000000, 0x0000000083000000, 0x0000000083100000|  0%| F|  |TAMS 0x0000000083000000| PB 0x0000000083000000| Untracked 
|  49|0x0000000083100000, 0x0000000083100000, 0x0000000083200000|  0%| F|  |TAMS 0x0000000083100000| PB 0x0000000083100000| Untracked 
|  50|0x0000000083200000, 0x0000000083200000, 0x0000000083300000|  0%| F|  |TAMS 0x0000000083200000| PB 0x0000000083200000| Untracked 
|  51|0x0000000083300000, 0x0000000083300000, 0x0000000083400000|  0%| F|  |TAMS 0x0000000083300000| PB 0x0000000083300000| Untracked 
|  52|0x0000000083400000, 0x0000000083400000, 0x0000000083500000|  0%| F|  |TAMS 0x0000000083400000| PB 0x0000000083400000| Untracked 
|  53|0x0000000083500000, 0x0000000083500000, 0x0000000083600000|  0%| F|  |TAMS 0x0000000083500000| PB 0x0000000083500000| Untracked 
|  54|0x0000000083600000, 0x0000000083600000, 0x0000000083700000|  0%| F|  |TAMS 0x0000000083600000| PB 0x0000000083600000| Untracked 
|  55|0x0000000083700000, 0x0000000083700000, 0x0000000083800000|  0%| F|  |TAMS 0x0000000083700000| PB 0x0000000083700000| Untracked 
|  56|0x0000000083800000, 0x0000000083800000, 0x0000000083900000|  0%| F|  |TAMS 0x0000000083800000| PB 0x0000000083800000| Untracked 
|  57|0x0000000083900000, 0x0000000083900000, 0x0000000083a00000|  0%| F|  |TAMS 0x0000000083900000| PB 0x0000000083900000| Untracked 
|  58|0x0000000083a00000, 0x0000000083a00000, 0x0000000083b00000|  0%| F|  |TAMS 0x0000000083a00000| PB 0x0000000083a00000| Untracked 
|  59|0x0000000083b00000, 0x0000000083b00000, 0x0000000083c00000|  0%| F|  |TAMS 0x0000000083b00000| PB 0x0000000083b00000| Untracked 
|  60|0x0000000083c00000, 0x0000000083c00000, 0x0000000083d00000|  0%| F|  |TAMS 0x0000000083c00000| PB 0x0000000083c00000| Untracked 
|  61|0x0000000083d00000, 0x0000000083d00000, 0x0000000083e00000|  0%| F|  |TAMS 0x0000000083d00000| PB 0x0000000083d00000| Untracked 
|  62|0x0000000083e00000, 0x0000000083e00000, 0x0000000083f00000|  0%| F|  |TAMS 0x0000000083e00000| PB 0x0000000083e00000| Untracked 
|  63|0x0000000083f00000, 0x0000000083f00000, 0x0000000084000000|  0%| F|  |TAMS 0x0000000083f00000| PB 0x0000000083f00000| Untracked 
|  64|0x0000000084000000, 0x0000000084000000, 0x0000000084100000|  0%| F|  |TAMS 0x0000000084000000| PB 0x0000000084000000| Untracked 
|  65|0x0000000084100000, 0x0000000084200000, 0x0000000084200000|100%| E|  |TAMS 0x0000000084100000| PB 0x0000000084100000| Complete 
|  66|0x0000000084200000, 0x0000000084300000, 0x0000000084300000|100%| E|CS|TAMS 0x0000000084200000| PB 0x0000000084200000| Complete 
|  67|0x0000000084300000, 0x0000000084400000, 0x0000000084400000|100%| E|CS|TAMS 0x0000000084300000| PB 0x0000000084300000| Complete 
|  68|0x0000000084400000, 0x0000000084500000, 0x0000000084500000|100%| E|CS|TAMS 0x0000000084400000| PB 0x0000000084400000| Complete 
|  69|0x0000000084500000, 0x0000000084600000, 0x0000000084600000|100%| E|CS|TAMS 0x0000000084500000| PB 0x0000000084500000| Complete 
|  70|0x0000000084600000, 0x0000000084700000, 0x0000000084700000|100%| E|CS|TAMS 0x0000000084600000| PB 0x0000000084600000| Complete 
|  71|0x0000000084700000, 0x0000000084800000, 0x0000000084800000|100%| E|CS|TAMS 0x0000000084700000| PB 0x0000000084700000| Complete 
|  72|0x0000000084800000, 0x0000000084900000, 0x0000000084900000|100%| E|CS|TAMS 0x0000000084800000| PB 0x0000000084800000| Complete 
|  73|0x0000000084900000, 0x0000000084a00000, 0x0000000084a00000|100%| E|CS|TAMS 0x0000000084900000| PB 0x0000000084900000| Complete 
|  74|0x0000000084a00000, 0x0000000084b00000, 0x0000000084b00000|100%| E|CS|TAMS 0x0000000084a00000| PB 0x0000000084a00000| Complete 
|  75|0x0000000084b00000, 0x0000000084c00000, 0x0000000084c00000|100%| E|CS|TAMS 0x0000000084b00000| PB 0x0000000084b00000| Complete 
| 218|0x000000008da00000, 0x000000008db00000, 0x000000008db00000|100%| E|CS|TAMS 0x000000008da00000| PB 0x000000008da00000| Complete 
| 219|0x000000008db00000, 0x000000008dc00000, 0x000000008dc00000|100%| E|CS|TAMS 0x000000008db00000| PB 0x000000008db00000| Complete 
| 220|0x000000008dc00000, 0x000000008dd00000, 0x000000008dd00000|100%| E|CS|TAMS 0x000000008dc00000| PB 0x000000008dc00000| Complete 
| 221|0x000000008dd00000, 0x000000008de00000, 0x000000008de00000|100%| E|CS|TAMS 0x000000008dd00000| PB 0x000000008dd00000| Complete 
| 222|0x000000008de00000, 0x000000008df00000, 0x000000008df00000|100%| S|CS|TAMS 0x000000008de00000| PB 0x000000008de00000| Complete 
| 223|0x000000008df00000, 0x000000008e000000, 0x000000008e000000|100%| S|CS|TAMS 0x000000008df00000| PB 0x000000008df00000| Complete 
| 224|0x000000008e000000, 0x000000008e100000, 0x000000008e100000|100%| S|CS|TAMS 0x000000008e000000| PB 0x000000008e000000| Complete 
| 225|0x000000008e100000, 0x000000008e200000, 0x000000008e200000|100%| E|CS|TAMS 0x000000008e100000| PB 0x000000008e100000| Complete 
| 226|0x000000008e200000, 0x000000008e300000, 0x000000008e300000|100%| E|CS|TAMS 0x000000008e200000| PB 0x000000008e200000| Complete 
| 253|0x000000008fd00000, 0x000000008fe00000, 0x000000008fe00000|100%| E|CS|TAMS 0x000000008fd00000| PB 0x000000008fd00000| Complete 

Card table byte_map: [0x00000157182f0000,0x00000157186f0000] _byte_map_base: 0x0000015717ef0000

Marking Bits: (CMBitMap*) 0x0000015705ac4f20
 Bits: [0x00000157186f0000, 0x000001571a6f0000)

Polling page: 0x0000015703a20000

Metaspace:

Usage:
  Non-class:     31.50 MB used.
      Class:      4.95 MB used.
       Both:     36.46 MB used.

Virtual space:
  Non-class space:       64.00 MB reserved,      32.00 MB ( 50%) committed,  1 nodes.
      Class space:        1.00 GB reserved,       5.44 MB ( <1%) committed,  1 nodes.
             Both:        1.06 GB reserved,      37.44 MB (  3%) committed. 

Chunk freelists:
   Non-Class:  15.36 MB
       Class:  10.59 MB
        Both:  25.95 MB

MaxMetaspaceSize: unlimited
CompressedClassSpaceSize: 1.00 GB
Initial GC threshold: 21.00 MB
Current GC threshold: 58.88 MB
CDS: off
 - commit_granule_bytes: 65536.
 - commit_granule_words: 8192.
 - virtual_space_node_default_size: 8388608.
 - enlarge_chunks_in_place: 1.
 - use_allocation_guard: 0.


Internal statistics:

num_allocs_failed_limit: 6.
num_arena_births: 1678.
num_arena_deaths: 0.
num_vsnodes_births: 2.
num_vsnodes_deaths: 0.
num_space_committed: 599.
num_space_uncommitted: 0.
num_chunks_returned_to_freelist: 6.
num_chunks_taken_from_freelist: 2976.
num_chunk_merges: 6.
num_chunk_splits: 1896.
num_chunks_enlarged: 1209.
num_inconsistent_stats: 0.

CodeHeap 'non-profiled nmethods': size=120000Kb used=1649Kb max_used=1769Kb free=118350Kb
 bounds [0x0000015710690000, 0x0000015710900000, 0x0000015717bc0000]
CodeHeap 'profiled nmethods': size=120000Kb used=5989Kb max_used=6553Kb free=114011Kb
 bounds [0x0000015708bc0000, 0x0000015709240000, 0x00000157100f0000]
CodeHeap 'non-nmethods': size=5760Kb used=1485Kb max_used=1557Kb free=4274Kb
 bounds [0x00000157100f0000, 0x0000015710360000, 0x0000015710690000]
 total_blobs=3657 nmethods=3075 adapters=486
 compilation: enabled
              stopped_count=0, restarted_count=0
 full_count=0

Compilation events (20 events):
Event: 4.997 Thread 0x000001571d3b35d0 nmethod 3448 0x0000015708f9c590 code [0x0000015708f9c740, 0x0000015708f9c9a8]
Event: 4.997 Thread 0x000001571d3b35d0 3449       3       java.lang.Long::getChars (195 bytes)
Event: 4.997 Thread 0x000001571d380200 3450       4       jdk.internal.org.objectweb.asm.SymbolTable::addTypeInternal (85 bytes)
Event: 4.997 Thread 0x000001571d3b35d0 nmethod 3449 0x0000015708dcaf90 code [0x0000015708dcb180, 0x0000015708dcb780]
Event: 4.999 Thread 0x000001571d3b35d0 3451       1       org.gradle.internal.instantiation.generator.AbstractClassGenerator$PropertyMetadata::getMainGetter (5 bytes)
Event: 4.999 Thread 0x000001571d3b35d0 nmethod 3451 0x000001571072dd10 code [0x000001571072dea0, 0x000001571072df68]
Event: 5.002 Thread 0x000001571d3b35d0 3454       3       org.objectweb.asm.ByteVector::put11 (52 bytes)
Event: 5.002 Thread 0x000001571d3b35d0 nmethod 3454 0x0000015708c99710 code [0x0000015708c998c0, 0x0000015708c99ac8]
Event: 5.003 Thread 0x000001571d3b35d0 3456       3       org.objectweb.asm.Type::appendDescriptor (185 bytes)
Event: 5.004 Thread 0x000001571d3b35d0 nmethod 3456 0x0000015708c39f90 code [0x0000015708c3a280, 0x0000015708c3ae50]
Event: 5.009 Thread 0x000001571d3b35d0 3457       3       org.gradle.internal.Cast::uncheckedCast (2 bytes)
Event: 5.009 Thread 0x000001571d3b35d0 nmethod 3457 0x0000015708c9d010 code [0x0000015708c9d1a0, 0x0000015708c9d290]
Event: 5.009 Thread 0x000001571d3b35d0 3458       3       com.google.common.collect.ImmutableEntry::<init> (15 bytes)
Event: 5.009 Thread 0x000001571d3b35d0 nmethod 3458 0x0000015708ca4210 code [0x0000015708ca43c0, 0x0000015708ca4640]
Event: 5.009 Thread 0x000001571d3b35d0 3459       3       com.google.common.collect.AbstractMapEntry::<init> (5 bytes)
Event: 5.009 Thread 0x000001571d3b35d0 nmethod 3459 0x0000015708ef5410 code [0x0000015708ef55c0, 0x0000015708ef5728]
Event: 5.012 Thread 0x000001571d3b35d0 3460       3       java.util.ArrayDeque::isEmpty (17 bytes)
Event: 5.013 Thread 0x000001571d3b35d0 nmethod 3460 0x0000015708d31610 code [0x0000015708d317a0, 0x0000015708d31908]
Event: 5.013 Thread 0x000001571d3b35d0 3461       3       org.gradle.internal.reflect.MutablePropertyDetails::addGetter (9 bytes)
Event: 5.013 Thread 0x000001571d3b35d0 nmethod 3461 0x0000015708eef610 code [0x0000015708eef7c0, 0x0000015708eef918]

GC Heap History (14 events):
Event: 0.656 GC heap before
{Heap before GC invocations=0 (full 0):
 garbage-first heap   total 260096K, used 22528K [0x0000000080000000, 0x0000000100000000)
  region size 1024K, 23 young (23552K), 0 survivors (0K)
 Metaspace       used 7974K, committed 8128K, reserved 1114112K
  class space    used 709K, committed 768K, reserved 1048576K
}
Event: 0.659 GC heap after
{Heap after GC invocations=1 (full 0):
 garbage-first heap   total 260096K, used 3537K [0x0000000080000000, 0x0000000100000000)
  region size 1024K, 3 young (3072K), 3 survivors (3072K)
 Metaspace       used 7974K, committed 8128K, reserved 1114112K
  class space    used 709K, committed 768K, reserved 1048576K
}
Event: 1.361 GC heap before
{Heap before GC invocations=1 (full 0):
 garbage-first heap   total 260096K, used 40401K [0x0000000080000000, 0x0000000100000000)
  region size 1024K, 37 young (37888K), 3 survivors (3072K)
 Metaspace       used 12140K, committed 12352K, reserved 1114112K
  class space    used 1276K, committed 1408K, reserved 1048576K
}
Event: 1.365 GC heap after
{Heap after GC invocations=2 (full 0):
 garbage-first heap   total 260096K, used 11708K [0x0000000080000000, 0x0000000100000000)
  region size 1024K, 5 young (5120K), 5 survivors (5120K)
 Metaspace       used 12140K, committed 12352K, reserved 1114112K
  class space    used 1276K, committed 1408K, reserved 1048576K
}
Event: 2.068 GC heap before
{Heap before GC invocations=2 (full 0):
 garbage-first heap   total 260096K, used 60860K [0x0000000080000000, 0x0000000100000000)
  region size 1024K, 51 young (52224K), 5 survivors (5120K)
 Metaspace       used 13397K, committed 13632K, reserved 1114112K
  class space    used 1473K, committed 1600K, reserved 1048576K
}
Event: 2.073 GC heap after
{Heap after GC invocations=3 (full 0):
 garbage-first heap   total 260096K, used 17421K [0x0000000080000000, 0x0000000100000000)
  region size 1024K, 5 young (5120K), 5 survivors (5120K)
 Metaspace       used 13397K, committed 13632K, reserved 1114112K
  class space    used 1473K, committed 1600K, reserved 1048576K
}
Event: 2.803 GC heap before
{Heap before GC invocations=3 (full 0):
 garbage-first heap   total 260096K, used 44045K [0x0000000080000000, 0x0000000100000000)
  region size 1024K, 32 young (32768K), 5 survivors (5120K)
 Metaspace       used 21192K, committed 21504K, reserved 1114112K
  class space    used 2440K, committed 2624K, reserved 1048576K
}
Event: 2.808 GC heap after
{Heap after GC invocations=4 (full 0):
 garbage-first heap   total 260096K, used 20800K [0x0000000080000000, 0x0000000100000000)
  region size 1024K, 9 young (9216K), 9 survivors (9216K)
 Metaspace       used 21192K, committed 21504K, reserved 1114112K
  class space    used 2440K, committed 2624K, reserved 1048576K
}
Event: 3.895 GC heap before
{Heap before GC invocations=5 (full 0):
 garbage-first heap   total 75776K, used 73024K [0x0000000080000000, 0x0000000100000000)
  region size 1024K, 61 young (62464K), 9 survivors (9216K)
 Metaspace       used 29616K, committed 30272K, reserved 1114112K
  class space    used 3802K, committed 4096K, reserved 1048576K
}
Event: 3.904 GC heap after
{Heap after GC invocations=6 (full 0):
 garbage-first heap   total 88064K, used 24264K [0x0000000080000000, 0x0000000100000000)
  region size 1024K, 12 young (12288K), 12 survivors (12288K)
 Metaspace       used 29616K, committed 30272K, reserved 1114112K
  class space    used 3802K, committed 4096K, reserved 1048576K
}
Event: 4.632 GC heap before
{Heap before GC invocations=6 (full 0):
 garbage-first heap   total 88064K, used 63176K [0x0000000080000000, 0x0000000100000000)
  region size 1024K, 51 young (52224K), 12 survivors (12288K)
 Metaspace       used 34916K, committed 35840K, reserved 1114112K
  class space    used 4659K, committed 5120K, reserved 1048576K
}
Event: 4.639 GC heap after
{Heap after GC invocations=7 (full 0):
 garbage-first heap   total 88064K, used 26500K [0x0000000080000000, 0x0000000100000000)
  region size 1024K, 7 young (7168K), 7 survivors (7168K)
 Metaspace       used 34916K, committed 35840K, reserved 1114112K
  class space    used 4659K, committed 5120K, reserved 1048576K
}
Event: 4.688 GC heap before
{Heap before GC invocations=7 (full 0):
 garbage-first heap   total 88064K, used 28548K [0x0000000080000000, 0x0000000100000000)
  region size 1024K, 10 young (10240K), 7 survivors (7168K)
 Metaspace       used 35199K, committed 36096K, reserved 1114112K
  class space    used 4712K, committed 5120K, reserved 1048576K
}
Event: 4.693 GC heap after
{Heap after GC invocations=8 (full 0):
 garbage-first heap   total 88064K, used 26536K [0x0000000080000000, 0x0000000100000000)
  region size 1024K, 3 young (3072K), 3 survivors (3072K)
 Metaspace       used 35199K, committed 36096K, reserved 1114112K
  class space    used 4712K, committed 5120K, reserved 1048576K
}

Dll operation events (3 events):
Event: 0.010 Loaded shared library C:\Program Files\Android\Android Studio1\jbr\bin\java.dll
Event: 0.016 Loaded shared library C:\Program Files\Android\Android Studio1\jbr\bin\zip.dll
Event: 0.717 Loaded shared library C:\Program Files\Android\Android Studio1\jbr\bin\verify.dll

Deoptimization events (20 events):
Event: 4.205 Thread 0x000001572328a7e0 Uncommon trap: trap_request=0xffffff45 fr.pc=0x00000157107aff20 relative=0x00000000000003c0
Event: 4.205 Thread 0x000001572328a7e0 Uncommon trap: reason=unstable_if action=reinterpret pc=0x00000157107aff20 method=jdk.internal.org.objectweb.asm.SymbolTable.addType(Ljava/lang/String;)I @ 33 c2
Event: 4.205 Thread 0x000001572328a7e0 DEOPT PACKING pc=0x00000157107aff20 sp=0x0000000a3daf9f50
Event: 4.205 Thread 0x000001572328a7e0 DEOPT UNPACKING pc=0x00000157101446a2 sp=0x0000000a3daf9ed8 mode 2
Event: 4.370 Thread 0x000001572328a7e0 Uncommon trap: trap_request=0xffffff45 fr.pc=0x00000157107d0f2c relative=0x0000000000000d6c
Event: 4.370 Thread 0x000001572328a7e0 Uncommon trap: reason=unstable_if action=reinterpret pc=0x00000157107d0f2c method=jdk.internal.org.objectweb.asm.SymbolTable.addType(Ljava/lang/String;)I @ 33 c2
Event: 4.370 Thread 0x000001572328a7e0 DEOPT PACKING pc=0x00000157107d0f2c sp=0x0000000a3dafbd20
Event: 4.370 Thread 0x000001572328a7e0 DEOPT UNPACKING pc=0x00000157101446a2 sp=0x0000000a3dafbc58 mode 2
Event: 4.425 Thread 0x000001572328a7e0 Uncommon trap: trap_request=0xffffff76 fr.pc=0x000001571081fc20 relative=0x00000000000001e0
Event: 4.425 Thread 0x000001572328a7e0 Uncommon trap: reason=predicate action=maybe_recompile pc=0x000001571081fc20 method=com.google.common.base.CharMatcher.indexIn(Ljava/lang/CharSequence;I)I @ 19 c2
Event: 4.425 Thread 0x000001572328a7e0 DEOPT PACKING pc=0x000001571081fc20 sp=0x0000000a3dafaf10
Event: 4.425 Thread 0x000001572328a7e0 DEOPT UNPACKING pc=0x00000157101446a2 sp=0x0000000a3dafaea0 mode 2
Event: 4.497 Thread 0x000001572328a7e0 Uncommon trap: trap_request=0xffffff45 fr.pc=0x00000157107427d4 relative=0x00000000000007b4
Event: 4.497 Thread 0x000001572328a7e0 Uncommon trap: reason=unstable_if action=reinterpret pc=0x00000157107427d4 method=java.util.Properties$LineReader.readLine()I @ 95 c2
Event: 4.497 Thread 0x000001572328a7e0 DEOPT PACKING pc=0x00000157107427d4 sp=0x0000000a3dafb220
Event: 4.497 Thread 0x000001572328a7e0 DEOPT UNPACKING pc=0x00000157101446a2 sp=0x0000000a3dafb1d0 mode 2
Event: 4.955 Thread 0x000001572328a7e0 Uncommon trap: trap_request=0xffffff45 fr.pc=0x000001571073276c relative=0x000000000000030c
Event: 4.955 Thread 0x000001572328a7e0 Uncommon trap: reason=unstable_if action=reinterpret pc=0x000001571073276c method=java.util.HashMap.hash(Ljava/lang/Object;)I @ 1 c2
Event: 4.955 Thread 0x000001572328a7e0 DEOPT PACKING pc=0x000001571073276c sp=0x0000000a3daf83a0
Event: 4.955 Thread 0x000001572328a7e0 DEOPT UNPACKING pc=0x00000157101446a2 sp=0x0000000a3daf8238 mode 2

Classes loaded (20 events):
Event: 4.459 Loading class java/io/InterruptedIOException
Event: 4.459 Loading class java/io/InterruptedIOException done
Event: 4.466 Loading class java/util/ArrayDeque$DeqSpliterator
Event: 4.466 Loading class java/util/ArrayDeque$DeqSpliterator done
Event: 4.784 Loading class jdk/internal/reflect/MethodHandleIntegerFieldAccessorImpl
Event: 4.784 Loading class jdk/internal/reflect/MethodHandleIntegerFieldAccessorImpl done
Event: 4.915 Loading class java/lang/invoke/BoundMethodHandle$Species_LLLLLLLLLLLLLLLLLLLLLLLL
Event: 4.916 Loading class java/lang/invoke/BoundMethodHandle$Species_LLLLLLLLLLLLLLLLLLLLLLLL done
Event: 4.944 Loading class java/lang/invoke/SerializedLambda
Event: 4.944 Loading class java/lang/invoke/SerializedLambda done
Event: 4.952 Loading class java/lang/reflect/AnnotatedType
Event: 4.952 Loading class java/lang/reflect/AnnotatedType done
Event: 4.954 Loading class sun/reflect/misc/ReflectUtil
Event: 4.955 Loading class sun/reflect/misc/ReflectUtil done
Event: 4.963 Loading class sun/reflect/generics/tree/IntSignature
Event: 4.963 Loading class sun/reflect/generics/tree/IntSignature done
Event: 4.963 Loading class sun/reflect/generics/tree/ArrayTypeSignature
Event: 4.963 Loading class sun/reflect/generics/tree/ArrayTypeSignature done
Event: 4.970 Loading class java/lang/SafeVarargs
Event: 4.970 Loading class java/lang/SafeVarargs done

Classes unloaded (0 events):
No events

Classes redefined (0 events):
No events

Internal exceptions (20 events):
Event: 4.218 Thread 0x000001572328a7e0 Exception <a 'java/lang/NoSuchMethodError'{0x000000008385faa0}: 'java.lang.Object java.lang.invoke.Invokers$Holder.invoker(java.lang.Object, java.lang.Object, java.lang.Object, java.lang.Object, java.lang.Object, java.lang.Object, java.lang.Object, java.lang.Object, java.lang.Object, java.lang.Object, java.lang.Object, java.lang.Object, java.lang.Object, java.lang.Object, java.lang.Object, java.lang.Object, java.lang.Object, java.lang.Object, java.lang.Object, java.lang.Object, java.lang.Object, java.lang.
Event: 4.219 Thread 0x000001572328a7e0 Exception <a 'java/lang/NoSuchMethodError'{0x0000000083865c88}: 'java.lang.Object java.lang.invoke.DelegatingMethodHandle$Holder.delegate(java.lang.Object, java.lang.Object, java.lang.Object, java.lang.Object, java.lang.Object, java.lang.Object, java.lang.Object, java.lang.Object, java.lang.Object, java.lang.Object, java.lang.Object, java.lang.Object, java.lang.Object, java.lang.Object, java.lang.Object, java.lang.Object, java.lang.Object, java.lang.Object, java.lang.Object, java.lang.Object, java.lang.Obj
Event: 4.242 Thread 0x000001572328a7e0 Exception <a 'java/lang/NoSuchMethodError'{0x0000000083698a58}: 'java.lang.Object java.lang.invoke.DirectMethodHandle$Holder.invokeStaticInit(java.lang.Object, java.lang.Object, java.lang.Object, java.lang.Object)'> (0x0000000083698a58) 
thrown [s\src\hotspot\share\interpreter\linkResolver.cpp, line 784]
Event: 4.271 Thread 0x000001572328a7e0 Exception <a 'java/lang/NoSuchMethodError'{0x0000000083465940}: 'void java.lang.invoke.DirectMethodHandle$Holder.invokeStatic(java.lang.Object, java.lang.Object, java.lang.Object, java.lang.Object)'> (0x0000000083465940) 
thrown [s\src\hotspot\share\interpreter\linkResolver.cpp, line 784]
Event: 4.284 Thread 0x000001572328a7e0 Exception <a 'java/lang/NoSuchMethodError'{0x00000000833756f0}: 'java.lang.Object java.lang.invoke.DirectMethodHandle$Holder.invokeVirtual(java.lang.Object, java.lang.Object, java.lang.Object, java.lang.Object, java.lang.Object, java.lang.Object, java.lang.Object, java.lang.Object, java.lang.Object, java.lang.Object, java.lang.Object, java.lang.Object, java.lang.Object)'> (0x00000000833756f0) 
thrown [s\src\hotspot\share\interpreter\linkResolver.cpp, line 784]
Event: 4.284 Thread 0x000001572328a7e0 Exception <a 'java/lang/NoSuchMethodError'{0x000000008337ab78}: 'java.lang.Object java.lang.invoke.DirectMethodHandle$Holder.invokeSpecial(java.lang.Object, java.lang.Object, java.lang.Object, java.lang.Object, java.lang.Object, java.lang.Object, java.lang.Object, java.lang.Object, java.lang.Object, java.lang.Object, java.lang.Object, java.lang.Object, java.lang.Object, java.lang.Object)'> (0x000000008337ab78) 
thrown [s\src\hotspot\share\interpreter\linkResolver.cpp, line 784]
Event: 4.284 Thread 0x000001572328a7e0 Exception <a 'java/lang/NoSuchMethodError'{0x000000008337f8c8}: 'java.lang.Object java.lang.invoke.DelegatingMethodHandle$Holder.reinvoke_L(java.lang.Object, java.lang.Object, java.lang.Object, java.lang.Object, java.lang.Object, java.lang.Object, java.lang.Object, java.lang.Object, java.lang.Object, java.lang.Object, java.lang.Object, java.lang.Object, java.lang.Object)'> (0x000000008337f8c8) 
thrown [s\src\hotspot\share\interpreter\linkResolver.cpp, line 784]
Event: 4.314 Thread 0x000001572328a7e0 Exception <a 'java/lang/NoSuchMethodError'{0x000000008312f458}: 'void java.lang.invoke.DirectMethodHandle$Holder.invokeStaticInit(java.lang.Object, java.lang.Object)'> (0x000000008312f458) 
thrown [s\src\hotspot\share\interpreter\linkResolver.cpp, line 784]
Event: 4.462 Thread 0x000001572328a7e0 Exception <a 'java/lang/NoSuchMethodError'{0x0000000082ba4dd0}: 'int java.lang.invoke.DirectMethodHandle$Holder.invokeVirtual(java.lang.Object, java.lang.Object)'> (0x0000000082ba4dd0) 
thrown [s\src\hotspot\share\interpreter\linkResolver.cpp, line 784]
Event: 4.522 Thread 0x000001572328a7e0 Exception <a 'java/lang/NoSuchMethodError'{0x0000000082881588}: 'void java.lang.invoke.DirectMethodHandle$Holder.invokeInterface(java.lang.Object, java.lang.Object, java.lang.Object, java.lang.Object, java.lang.Object)'> (0x0000000082881588) 
thrown [s\src\hotspot\share\interpreter\linkResolver.cpp, line 784]
Event: 4.530 Thread 0x000001572328a7e0 Exception <a 'java/lang/NoSuchMethodError'{0x00000000828da9c0}: 'void java.lang.invoke.DirectMethodHandle$Holder.invokeStatic(java.lang.Object, java.lang.Object, java.lang.Object, java.lang.Object, java.lang.Object, java.lang.Object)'> (0x00000000828da9c0) 
thrown [s\src\hotspot\share\interpreter\linkResolver.cpp, line 784]
Event: 4.780 Thread 0x000001572328a7e0 Exception <a 'java/lang/NoSuchMethodError'{0x000000008dc43460}: 'java.lang.Object java.lang.invoke.DirectMethodHandle$Holder.newInvokeSpecial(java.lang.Object, java.lang.Object, int, int)'> (0x000000008dc43460) 
thrown [s\src\hotspot\share\interpreter\linkResolver.cpp, line 784]
Event: 4.784 Thread 0x000001572328a7e0 Exception <a 'java/lang/NoSuchMethodError'{0x000000008dc7e270}: 'void java.lang.invoke.DirectMethodHandle$Holder.invokeSpecial(java.lang.Object, java.lang.Object, int)'> (0x000000008dc7e270) 
thrown [s\src\hotspot\share\interpreter\linkResolver.cpp, line 784]
Event: 4.784 Thread 0x000001572328a7e0 Exception <a 'java/lang/NoSuchMethodError'{0x000000008dc82d58}: 'void java.lang.invoke.Invokers$Holder.invokeExact_MT(java.lang.Object, int, java.lang.Object)'> (0x000000008dc82d58) 
thrown [s\src\hotspot\share\interpreter\linkResolver.cpp, line 784]
Event: 4.832 Thread 0x000001572328a7e0 Exception <a 'java/lang/NoSuchMethodError'{0x000000008dab1088}: 'java.lang.Object java.lang.invoke.DirectMethodHandle$Holder.newInvokeSpecial(java.lang.Object, java.lang.Object, java.lang.Object, java.lang.Object, java.lang.Object, java.lang.Object, java.lang.Object, java.lang.Object, java.lang.Object, java.lang.Object, java.lang.Object)'> (0x000000008dab1088) 
thrown [s\src\hotspot\share\interpreter\linkResolver.cpp, line 784]
Event: 4.854 Thread 0x000001572328a7e0 Exception <a 'java/lang/NoSuchMethodError'{0x0000000084bf0df0}: 'java.lang.Object java.lang.invoke.DirectMethodHandle$Holder.invokeSpecialIFC(java.lang.Object, java.lang.Object, java.lang.Object, java.lang.Object)'> (0x0000000084bf0df0) 
thrown [s\src\hotspot\share\interpreter\linkResolver.cpp, line 784]
Event: 4.910 Thread 0x000001572328a7e0 Exception <a 'java/lang/NoSuchMethodError'{0x00000000848ab398}: 'java.lang.Object java.lang.invoke.DirectMethodHandle$Holder.invokeVirtual(java.lang.Object, java.lang.Object, java.lang.Object, java.lang.Object, java.lang.Object, java.lang.Object, java.lang.Object, java.lang.Object, java.lang.Object, java.lang.Object, java.lang.Object, java.lang.Object, java.lang.Object, java.lang.Object, java.lang.Object, java.lang.Object, java.lang.Object, java.lang.Object, java.lang.Object, java.lang.Object, java.lang.Ob
Event: 4.911 Thread 0x000001572328a7e0 Exception <a 'java/lang/NoSuchMethodError'{0x00000000848b1eb8}: 'java.lang.Object java.lang.invoke.DelegatingMethodHandle$Holder.reinvoke_L(java.lang.Object, java.lang.Object, java.lang.Object, java.lang.Object, java.lang.Object, java.lang.Object, java.lang.Object, java.lang.Object, java.lang.Object, java.lang.Object, java.lang.Object, java.lang.Object, java.lang.Object, java.lang.Object, java.lang.Object, java.lang.Object, java.lang.Object, java.lang.Object, java.lang.Object, java.lang.Object, java.lang.O
Event: 4.917 Thread 0x000001572328a7e0 Exception <a 'java/lang/NoSuchMethodError'{0x00000000847803e0}: 'java.lang.Object java.lang.invoke.DirectMethodHandle$Holder.invokeStatic(java.lang.Object, java.lang.Object, java.lang.Object, java.lang.Object, java.lang.Object, java.lang.Object, java.lang.Object, java.lang.Object, java.lang.Object, java.lang.Object, java.lang.Object, java.lang.Object, java.lang.Object, java.lang.Object, java.lang.Object, java.lang.Object, java.lang.Object, java.lang.Object, java.lang.Object, java.lang.Object, java.lang.Obj
Event: 4.955 Thread 0x000001572328a7e0 Implicit null exception at 0x00000157107324c0 to 0x0000015710732754

ZGC Phase Switch (0 events):
No events

VM Operations (20 events):
Event: 3.464 Executing VM operation: HandshakeAllThreads (Deoptimize)
Event: 3.464 Executing VM operation: HandshakeAllThreads (Deoptimize) done
Event: 3.465 Executing VM operation: HandshakeAllThreads (Deoptimize)
Event: 3.465 Executing VM operation: HandshakeAllThreads (Deoptimize) done
Event: 3.718 Executing VM operation: ICBufferFull
Event: 3.718 Executing VM operation: ICBufferFull done
Event: 3.895 Executing VM operation: G1CollectForAllocation (G1 Evacuation Pause)
Event: 3.904 Executing VM operation: G1CollectForAllocation (G1 Evacuation Pause) done
Event: 4.500 Executing VM operation: HandshakeAllThreads (Deoptimize)
Event: 4.500 Executing VM operation: HandshakeAllThreads (Deoptimize) done
Event: 4.632 Executing VM operation: G1CollectForAllocation (G1 Evacuation Pause)
Event: 4.639 Executing VM operation: G1CollectForAllocation (G1 Evacuation Pause) done
Event: 4.688 Executing VM operation: CollectForMetadataAllocation (Metadata GC Threshold)
Event: 4.693 Executing VM operation: CollectForMetadataAllocation (Metadata GC Threshold) done
Event: 4.710 Executing VM operation: G1PauseRemark
Event: 4.712 Executing VM operation: G1PauseRemark done
Event: 4.722 Executing VM operation: G1PauseCleanup
Event: 4.722 Executing VM operation: G1PauseCleanup done
Event: 4.959 Executing VM operation: HandshakeAllThreads (Deoptimize)
Event: 4.959 Executing VM operation: HandshakeAllThreads (Deoptimize) done

Memory protections (0 events):
No events

Nmethod flushes (20 events):
Event: 4.712 Thread 0x000001571d2e28b0 flushing  nmethod 0x0000015708dabb90
Event: 4.712 Thread 0x000001571d2e28b0 flushing  nmethod 0x0000015708dabe90
Event: 4.712 Thread 0x000001571d2e28b0 flushing  nmethod 0x0000015708db5610
Event: 4.712 Thread 0x000001571d2e28b0 flushing  nmethod 0x0000015708e21b90
Event: 4.712 Thread 0x000001571d2e28b0 flushing  nmethod 0x0000015708e23790
Event: 4.712 Thread 0x000001571d2e28b0 flushing  nmethod 0x0000015708e23d90
Event: 4.712 Thread 0x000001571d2e28b0 flushing  nmethod 0x0000015708e24290
Event: 4.712 Thread 0x000001571d2e28b0 flushing  nmethod 0x0000015708e24610
Event: 4.712 Thread 0x000001571d2e28b0 flushing  nmethod 0x0000015708e25410
Event: 4.712 Thread 0x000001571d2e28b0 flushing  nmethod 0x0000015708e26b90
Event: 4.712 Thread 0x000001571d2e28b0 flushing  nmethod 0x0000015708ef5510
Event: 4.712 Thread 0x000001571d2e28b0 flushing  nmethod 0x0000015708f9ae10
Event: 4.712 Thread 0x000001571d2e28b0 flushing  nmethod 0x0000015708f9b910
Event: 4.712 Thread 0x000001571d2e28b0 flushing  nmethod 0x0000015708f9c590
Event: 4.712 Thread 0x000001571d2e28b0 flushing  nmethod 0x0000015708fb7210
Event: 4.712 Thread 0x000001571d2e28b0 flushing  nmethod 0x0000015708fb7510
Event: 4.712 Thread 0x000001571d2e28b0 flushing  nmethod 0x0000015708fb7d90
Event: 4.712 Thread 0x000001571d2e28b0 flushing  nmethod 0x0000015709005210
Event: 4.712 Thread 0x000001571d2e28b0 flushing  nmethod 0x0000015709007290
Event: 4.712 Thread 0x000001571d2e28b0 flushing  nmethod 0x0000015708fe4810

Events (20 events):
Event: 2.262 Thread 0x0000015703945df0 Thread added: 0x0000015723377ea0
Event: 2.469 Loaded shared library C:\Program Files\Android\Android Studio1\jbr\bin\extnet.dll
Event: 2.540 Thread 0x0000015703945df0 Thread added: 0x00000157231beb50
Event: 2.636 Thread 0x0000015703945df0 Thread added: 0x0000015723215ca0
Event: 2.675 Thread 0x00000157231beb50 Thread added: 0x0000015723512a20
Event: 2.678 Thread 0x0000015723512a20 Thread added: 0x000001572337a340
Event: 2.710 Thread 0x0000015723512a20 Thread added: 0x000001572328a180
Event: 2.718 Thread 0x0000015723512a20 Thread added: 0x000001572328a7e0
Event: 2.728 Thread 0x000001572328a7e0 Thread added: 0x0000015723284250
Event: 2.731 Thread 0x000001572328a7e0 Thread added: 0x00000157231e1b90
Event: 2.733 Thread 0x000001572328a7e0 Thread added: 0x00000157231e1500
Event: 3.199 Thread 0x000001572328a7e0 Thread added: 0x00000157231e2220
Event: 3.209 Thread 0x000001572328a7e0 Thread added: 0x00000157231e28b0
Event: 3.238 Thread 0x000001572328a7e0 Thread added: 0x00000157231dfac0
Event: 3.925 Thread 0x000001572328a7e0 Thread added: 0x00000157231e0150
Event: 4.197 Thread 0x000001572328a7e0 Thread added: 0x00000157231df430
Event: 4.212 Thread 0x000001572328a7e0 Thread added: 0x00000157231e07e0
Event: 4.452 Thread 0x000001572328a7e0 Thread added: 0x00000157231e0e70
Event: 4.461 Thread 0x000001572328a7e0 Thread added: 0x0000015723907390
Event: 4.847 Thread 0x000001572328a7e0 Thread added: 0x000001572390b530


Dynamic libraries:
0x00007ff6b07e0000 - 0x00007ff6b07ea000 	C:\Program Files\Android\Android Studio1\jbr\bin\java.exe
0x00007ffdc7b70000 - 0x00007ffdc7d87000 	C:\WINDOWS\SYSTEM32\ntdll.dll
0x00007ffdc6150000 - 0x00007ffdc6214000 	C:\WINDOWS\System32\KERNEL32.DLL
0x00007ffdc4f30000 - 0x00007ffdc5302000 	C:\WINDOWS\System32\KERNELBASE.dll
0x00007ffdc5480000 - 0x00007ffdc5591000 	C:\WINDOWS\System32\ucrtbase.dll
0x00007ffdbd7a0000 - 0x00007ffdbd7bb000 	C:\Program Files\Android\Android Studio1\jbr\bin\VCRUNTIME140.dll
0x00007ffdb08c0000 - 0x00007ffdb08d8000 	C:\Program Files\Android\Android Studio1\jbr\bin\jli.dll
0x00007ffdc5bc0000 - 0x00007ffdc5d71000 	C:\WINDOWS\System32\USER32.dll
0x00007ffdc4e40000 - 0x00007ffdc4e66000 	C:\WINDOWS\System32\win32u.dll
0x00007ffdaa6b0000 - 0x00007ffdaa94b000 	C:\WINDOWS\WinSxS\amd64_microsoft.windows.common-controls_6595b64144ccf1df_6.0.22621.5413_none_270da5617387a498\COMCTL32.dll
0x00007ffdc6220000 - 0x00007ffdc6249000 	C:\WINDOWS\System32\GDI32.dll
0x00007ffdc6a20000 - 0x00007ffdc6ac7000 	C:\WINDOWS\System32\msvcrt.dll
0x00007ffdc55a0000 - 0x00007ffdc56c3000 	C:\WINDOWS\System32\gdi32full.dll
0x00007ffdc4c60000 - 0x00007ffdc4cfa000 	C:\WINDOWS\System32\msvcp_win.dll
0x00007ffdc5960000 - 0x00007ffdc5991000 	C:\WINDOWS\System32\IMM32.DLL
0x00007ffdc15b0000 - 0x00007ffdc15bc000 	C:\Program Files\Android\Android Studio1\jbr\bin\vcruntime140_1.dll
0x00007ffd79c50000 - 0x00007ffd79cdd000 	C:\Program Files\Android\Android Studio1\jbr\bin\msvcp140.dll
0x00007ffd3f590000 - 0x00007ffd4021a000 	C:\Program Files\Android\Android Studio1\jbr\bin\server\jvm.dll
0x00007ffdc6250000 - 0x00007ffdc6301000 	C:\WINDOWS\System32\ADVAPI32.dll
0x00007ffdc60a0000 - 0x00007ffdc6148000 	C:\WINDOWS\System32\sechost.dll
0x00007ffdc56d0000 - 0x00007ffdc56f8000 	C:\WINDOWS\System32\bcrypt.dll
0x00007ffdc6ad0000 - 0x00007ffdc6be4000 	C:\WINDOWS\System32\RPCRT4.dll
0x00007ffdc5e30000 - 0x00007ffdc5ea1000 	C:\WINDOWS\System32\WS2_32.dll
0x00007ffdc3aa0000 - 0x00007ffdc3aed000 	C:\WINDOWS\SYSTEM32\POWRPROF.dll
0x00007ffdbaf40000 - 0x00007ffdbaf74000 	C:\WINDOWS\SYSTEM32\WINMM.dll
0x00007ffdc14a0000 - 0x00007ffdc14aa000 	C:\WINDOWS\SYSTEM32\VERSION.dll
0x00007ffdc3a80000 - 0x00007ffdc3a93000 	C:\WINDOWS\SYSTEM32\UMPDC.dll
0x00007ffdc3d40000 - 0x00007ffdc3d58000 	C:\WINDOWS\SYSTEM32\kernel.appcore.dll
0x00007ffdc13e0000 - 0x00007ffdc13ea000 	C:\Program Files\Android\Android Studio1\jbr\bin\jimage.dll
0x00007ffdc2320000 - 0x00007ffdc2552000 	C:\WINDOWS\SYSTEM32\DBGHELP.DLL
0x00007ffdc6d90000 - 0x00007ffdc7123000 	C:\WINDOWS\System32\combase.dll
0x00007ffdc5f30000 - 0x00007ffdc6007000 	C:\WINDOWS\System32\OLEAUT32.dll
0x00007ffdbe0b0000 - 0x00007ffdbe0e2000 	C:\WINDOWS\SYSTEM32\dbgcore.DLL
0x00007ffdc5700000 - 0x00007ffdc577b000 	C:\WINDOWS\System32\bcryptPrimitives.dll
0x00007ffdc1030000 - 0x00007ffdc103e000 	C:\Program Files\Android\Android Studio1\jbr\bin\instrument.dll
0x00007ffdb1010000 - 0x00007ffdb1030000 	C:\Program Files\Android\Android Studio1\jbr\bin\java.dll
0x00007ffdb0b80000 - 0x00007ffdb0b98000 	C:\Program Files\Android\Android Studio1\jbr\bin\zip.dll
0x00007ffdc7240000 - 0x00007ffdc7ae2000 	C:\WINDOWS\System32\SHELL32.dll
0x00007ffdc4d00000 - 0x00007ffdc4e3f000 	C:\WINDOWS\System32\wintypes.dll
0x00007ffdc2b50000 - 0x00007ffdc346d000 	C:\WINDOWS\SYSTEM32\windows.storage.dll
0x00007ffdc7130000 - 0x00007ffdc723b000 	C:\WINDOWS\System32\SHCORE.dll
0x00007ffdc5b50000 - 0x00007ffdc5bb9000 	C:\WINDOWS\System32\shlwapi.dll
0x00007ffdc4b90000 - 0x00007ffdc4bbb000 	C:\WINDOWS\SYSTEM32\profapi.dll
0x00007ffdbd970000 - 0x00007ffdbd980000 	C:\Program Files\Android\Android Studio1\jbr\bin\net.dll
0x00007ffdc0da0000 - 0x00007ffdc0ecc000 	C:\WINDOWS\SYSTEM32\WINHTTP.dll
0x00007ffdc41c0000 - 0x00007ffdc4229000 	C:\WINDOWS\system32\mswsock.dll
0x00007ffdb0ad0000 - 0x00007ffdb0ae6000 	C:\Program Files\Android\Android Studio1\jbr\bin\nio.dll
0x00007ffdb0b60000 - 0x00007ffdb0b70000 	C:\Program Files\Android\Android Studio1\jbr\bin\verify.dll
0x00007ffd987a0000 - 0x00007ffd987c7000 	C:\Users\asus\.gradle\native\c067742578af261105cb4f569cf0c3c89f3d7b1fecec35dd04571415982c5e48\windows-amd64\native-platform.dll
0x00007ffd01ba0000 - 0x00007ffd01ce4000 	C:\Users\asus\.gradle\native\100fb08df4bc3b14c8652ba06237920a3bd2aa13389f12d3474272988ae205f9\windows-amd64\native-platform-file-events.dll
0x00007ffdbcad0000 - 0x00007ffdbcad9000 	C:\Program Files\Android\Android Studio1\jbr\bin\management.dll
0x00007ffdbc3b0000 - 0x00007ffdbc3bb000 	C:\Program Files\Android\Android Studio1\jbr\bin\management_ext.dll
0x00007ffdc7b10000 - 0x00007ffdc7b18000 	C:\WINDOWS\System32\PSAPI.DLL
0x00007ffdc43e0000 - 0x00007ffdc43fb000 	C:\WINDOWS\SYSTEM32\CRYPTSP.dll
0x00007ffdc3ca0000 - 0x00007ffdc3cd7000 	C:\WINDOWS\system32\rsaenh.dll
0x00007ffdc4280000 - 0x00007ffdc42a8000 	C:\WINDOWS\SYSTEM32\USERENV.dll
0x00007ffdc4400000 - 0x00007ffdc440c000 	C:\WINDOWS\SYSTEM32\CRYPTBASE.dll
0x00007ffdc3780000 - 0x00007ffdc37ad000 	C:\WINDOWS\SYSTEM32\IPHLPAPI.DLL
0x00007ffdc64e0000 - 0x00007ffdc64e9000 	C:\WINDOWS\System32\NSI.dll
0x00007ffdbd880000 - 0x00007ffdbd889000 	C:\Program Files\Android\Android Studio1\jbr\bin\extnet.dll
0x00007ffd86440000 - 0x00007ffd86448000 	C:\WINDOWS\system32\wshunix.dll

dbghelp: loaded successfully - version: 4.0.5 - missing functions: none
symbol engine: initialized successfully - sym options: 0x614 - pdb path: .;C:\Program Files\Android\Android Studio1\jbr\bin;C:\WINDOWS\SYSTEM32;C:\WINDOWS\WinSxS\amd64_microsoft.windows.common-controls_6595b64144ccf1df_6.0.22621.5413_none_270da5617387a498;C:\Program Files\Android\Android Studio1\jbr\bin\server;C:\Users\asus\.gradle\native\c067742578af261105cb4f569cf0c3c89f3d7b1fecec35dd04571415982c5e48\windows-amd64;C:\Users\asus\.gradle\native\100fb08df4bc3b14c8652ba06237920a3bd2aa13389f12d3474272988ae205f9\windows-amd64

VM Arguments:
jvm_args: --add-opens=java.base/java.lang=ALL-UNNAMED --add-opens=java.base/java.lang.invoke=ALL-UNNAMED --add-opens=java.base/java.util=ALL-UNNAMED --add-opens=java.prefs/java.util.prefs=ALL-UNNAMED --add-exports=jdk.compiler/com.sun.tools.javac.api=ALL-UNNAMED --add-exports=jdk.compiler/com.sun.tools.javac.util=ALL-UNNAMED --add-opens=java.base/java.util=ALL-UNNAMED --add-opens=java.prefs/java.util.prefs=ALL-UNNAMED --add-opens=java.base/java.nio.charset=ALL-UNNAMED --add-opens=java.base/java.net=ALL-UNNAMED --add-opens=java.base/java.util.concurrent.atomic=ALL-UNNAMED --add-opens=java.xml/javax.xml.namespace=ALL-UNNAMED -Xmx2048m -Dfile.encoding=UTF-8 -Duser.country=US -Duser.language=en -Duser.variant -javaagent:C:\Users\asus\.gradle\wrapper\dists\gradle-8.11.1-bin\bpt9gzteqjrbo1mjrsomdt32c\gradle-8.11.1\lib\agents\gradle-instrumentation-agent-8.11.1.jar 
java_command: org.gradle.launcher.daemon.bootstrap.GradleDaemon 8.11.1
java_class_path (initial): C:\Users\asus\.gradle\wrapper\dists\gradle-8.11.1-bin\bpt9gzteqjrbo1mjrsomdt32c\gradle-8.11.1\lib\gradle-daemon-main-8.11.1.jar
Launcher Type: SUN_STANDARD

[Global flags]
     intx CICompilerCount                          = 4                                         {product} {ergonomic}
     uint ConcGCThreads                            = 2                                         {product} {ergonomic}
     uint G1ConcRefinementThreads                  = 8                                         {product} {ergonomic}
   size_t G1HeapRegionSize                         = 1048576                                   {product} {ergonomic}
    uintx GCDrainStackTargetSize                   = 64                                        {product} {ergonomic}
   size_t InitialHeapSize                          = 266338304                                 {product} {ergonomic}
   size_t MarkStackSize                            = 4194304                                   {product} {ergonomic}
   size_t MaxHeapSize                              = 2147483648                                {product} {command line}
   size_t MaxNewSize                               = 1287651328                                {product} {ergonomic}
   size_t MinHeapDeltaBytes                        = 1048576                                   {product} {ergonomic}
   size_t MinHeapSize                              = 8388608                                   {product} {ergonomic}
    uintx NonNMethodCodeHeapSize                   = 5839372                                {pd product} {ergonomic}
    uintx NonProfiledCodeHeapSize                  = 122909434                              {pd product} {ergonomic}
    uintx ProfiledCodeHeapSize                     = 122909434                              {pd product} {ergonomic}
    uintx ReservedCodeCacheSize                    = 251658240                              {pd product} {ergonomic}
     bool SegmentedCodeCache                       = true                                      {product} {ergonomic}
   size_t SoftMaxHeapSize                          = 2147483648                             {manageable} {ergonomic}
     bool UseCompressedOops                        = true                           {product lp64_product} {ergonomic}
     bool UseG1GC                                  = true                                      {product} {ergonomic}
     bool UseLargePagesIndividualAllocation        = false                                  {pd product} {ergonomic}

Logging:
Log output configuration:
 #0: stdout all=warning uptime,level,tags foldmultilines=false
 #1: stderr all=off uptime,level,tags foldmultilines=false

Environment Variables:
PATH=C:\Program Files\Python311\Scripts\;C:\Program Files\Python311\;C:\Program Files\Android\Android Studio1\plugins\Kotlin\kotlinc\bin;C:\Program Files\Common Files\Oracle\Java\javapath;C:\Windows\System32;C:\WINDOWS\system32;C:\php-8.3.13-Win32-vs16-x64;C:\ProgramData\ComposerSetup\bin;C:\tools\mariadb-11.4.3-winx64\bin;C:\Program Files\Java\jdk-22;C:\WINDOWS\System32\WindowsPowerShell\v1.0\;C:\WINDOWS\System32\Wbem;C:\gradle-8.11.1\bin;C:\Program Files\node-v20.17.0-win-x64;C:\compiler\ghc-9.4.8-x86_64-unknown-mingw32\bin;D:\tools\mariadb-11.4.3-winx64\bin;C:\tools\php-8.3.13-Win32-vs16-x64;C:\Program Files\Git\cmd;C:\Program Files\Go\bin;C:\Program Files\PostgreSQL\16\bin;C:\tools\cacert.pem;C:\Program Files\Docker\Docker\resources\bin;C:\apache-maven-3.9.9\bin;C:\Program Files\CMake\bin;C:\Users\asus\AppData\Local\Programs\Python\Python313\Scripts\;C:\Users\asus\AppData\Local\Programs\Python\Python313\;C:\Program Files\Android\Android Studio\plugins\Kotlin\kotlinc\bin;C:\Program Files\MySQL\MySQL Shell 8.0\bin\;C:\Users\asus\AppData\Local\Microsoft\WindowsApps;C:\Users\asus\AppData\Local\Programs\Microsoft VS Code\bin;C:\Program Files\Azure Data Studio\bin;C:\node-v20.17.0-win-x64;C:\tools\php-8.3.13-Win32-vs16-x64;C:\Users\asus\AppData\Roaming\Composer\vendor\bin;C:\tools\mariadb-11.4.3-winx64\bin;C:\tools\php-8.3.13-Win32-vs16-x64;C:\Users\asus\go\bin;C:\Program Files\PostgreSQL\16\bin;C:\Users\asus\AppData\Roaming\Python\Python311\Scripts;C:\Flutter\flutter\bin;C:\apache-maven-3.9.9\bin;C:\tools\cacert.pem;C:\Users\asus\AppData\Local\GitHubDesktop\bin
USERNAME=asus
OS=Windows_NT
PROCESSOR_IDENTIFIER=Intel64 Family 6 Model 165 Stepping 2, GenuineIntel
TMP=C:\Users\asus\AppData\Local\Temp
TEMP=C:\Users\asus\AppData\Local\Temp




Periodic native trim disabled

JNI global refs:
JNI global refs: 24, weak refs: 4

JNI global refs memory usage: 835, weak refs: 833

Process memory usage:
Resident Set Size: 235320K (1% of 16611092K total physical memory with 372612K free physical memory)

OOME stack traces (most recent first):
Classloader memory used:
